0 info it worked if it ends with ok
1 verbose cli [ 'C:\\Program Files\\nodejs\\node.exe',
1 verbose cli   'C:\\Program Files\\nodejs\\node_modules\\npm\\bin\\npm-cli.js',
1 verbose cli   'install',
1 verbose cli   'makensis' ]
2 info using npm@3.3.12
3 info using node@v5.3.0
4 silly loadCurrentTree Starting
5 silly install loadCurrentTree
6 silly install readLocalPackageData
7 silly fetchPackageMetaData makensis
8 silly fetchNamedPackageData makensis
9 silly mapToRegistry name makensis
10 silly mapToRegistry using default registry
11 silly mapToRegistry registry https://registry.npmjs.org/
12 silly mapToRegistry uri https://registry.npmjs.org/makensis
13 verbose request uri https://registry.npmjs.org/makensis
14 verbose request no auth needed
15 info attempt registry request try #1 at 12:12:12 AM
16 verbose request id 85c639a5045774ff
17 http request GET https://registry.npmjs.org/makensis
18 http 200 https://registry.npmjs.org/makensis
19 verbose headers { date: 'Thu, 12 Aug 2021 04:12:15 GMT',
19 verbose headers   'content-type': 'application/json',
19 verbose headers   'transfer-encoding': 'chunked',
19 verbose headers   connection: 'keep-alive',
19 verbose headers   'cf-ray': '67d6dd3feb490cdd-EWR',
19 verbose headers   'cache-control': 'public, max-age=300',
19 verbose headers   etag: 'W/"ef7796f982b7b570f1ff2f9f69f791a9"',
19 verbose headers   'last-modified': 'Wed, 28 Jul 2021 07:54:11 GMT',
19 verbose headers   vary: 'accept-encoding, accept',
19 verbose headers   'cf-cache-status': 'MISS',
19 verbose headers   'expect-ct': 'max-age=604800, report-uri="https://report-uri.cloudflare.com/cdn-cgi/beacon/expect-ct"',
19 verbose headers   'x-amz-replication-status': 'COMPLETED',
19 verbose headers   server: 'cloudflare',
19 verbose headers   'content-encoding': 'gzip' }
20 silly get cb [ 200,
20 silly get   { date: 'Thu, 12 Aug 2021 04:12:15 GMT',
20 silly get     'content-type': 'application/json',
20 silly get     'transfer-encoding': 'chunked',
20 silly get     connection: 'keep-alive',
20 silly get     'cf-ray': '67d6dd3feb490cdd-EWR',
20 silly get     'cache-control': 'public, max-age=300',
20 silly get     etag: 'W/"ef7796f982b7b570f1ff2f9f69f791a9"',
20 silly get     'last-modified': 'Wed, 28 Jul 2021 07:54:11 GMT',
20 silly get     vary: 'accept-encoding, accept',
20 silly get     'cf-cache-status': 'MISS',
20 silly get     'expect-ct': 'max-age=604800, report-uri="https://report-uri.cloudflare.com/cdn-cgi/beacon/expect-ct"',
20 silly get     'x-amz-replication-status': 'COMPLETED',
20 silly get     server: 'cloudflare',
20 silly get     'content-encoding': 'gzip' } ]
21 verbose get saving makensis to C:\Users\strea\AppData\Roaming\npm-cache\registry.npmjs.org\makensis\.cache.json
22 verbose makeDirectory C:\Users\strea\AppData\Roaming\npm-cache creation not in flight; initializing
23 verbose makeCacheDir UID & GID are irrelevant on win32
24 silly install normalizeTree
25 silly loadCurrentTree Finishing
26 silly loadIdealTree Starting
27 silly install loadIdealTree
28 silly cloneCurrentTree Starting
29 silly install cloneCurrentTreeToIdealTree
30 silly cloneCurrentTree Finishing
31 silly loadShrinkwrap Starting
32 silly install loadShrinkwrap
33 silly loadShrinkwrap Finishing
34 silly loadAllDepsIntoIdealTree Starting
35 silly install loadAllDepsIntoIdealTree
36 warn engine makensis@0.26.0: wanted: {"node":"^12.20.0 || ^14.13.1 || >=16.0.0"} (current: {"node":"5.3.0","npm":"3.3.12"})
37 verbose stack Error: Missing required argument #1
37 verbose stack     at andLogAndFinish (C:\Program Files\nodejs\node_modules\npm\lib\fetch-package-metadata.js:31:3)
37 verbose stack     at fetchPackageMetadata (C:\Program Files\nodejs\node_modules\npm\lib\fetch-package-metadata.js:51:22)
37 verbose stack     at resolveWithNewModule (C:\Program Files\nodejs\node_modules\npm\lib\install\deps.js:445:12)
37 verbose stack     at C:\Program Files\nodejs\node_modules\npm\lib\install\deps.js:191:5
37 verbose stack     at C:\Program Files\nodejs\node_modules\npm\node_modules\slide\lib\async-map.js:52:35
37 verbose stack     at Array.forEach (native)
37 verbose stack     at C:\Program Files\nodejs\node_modules\npm\node_modules\slide\lib\async-map.js:52:11
37 verbose stack     at Array.forEach (native)
37 verbose stack     at asyncMap (C:\Program Files\nodejs\node_modules\npm\node_modules\slide\lib\async-map.js:51:8)
37 verbose stack     at exports.loadRequestedDeps (C:\Program Files\nodejs\node_modules\npm\lib\install\deps.js:189:3)
38 verbose cwd C:\Users\strea\Desktop\VMSP-Streaming\OBS Streamer
39 error Windows_NT 10.0.19043
40 error argv "C:\\Program Files\\nodejs\\node.exe" "C:\\Program Files\\nodejs\\node_modules\\npm\\bin\\npm-cli.js" "install" "makensis"
41 error node v5.3.0
42 error npm  v3.3.12
43 error code EMISSINGARG
44 error typeerror Error: Missing required argument #1
44 error typeerror     at andLogAndFinish (C:\Program Files\nodejs\node_modules\npm\lib\fetch-package-metadata.js:31:3)
44 error typeerror     at fetchPackageMetadata (C:\Program Files\nodejs\node_modules\npm\lib\fetch-package-metadata.js:51:22)
44 error typeerror     at resolveWithNewModule (C:\Program Files\nodejs\node_modules\npm\lib\install\deps.js:445:12)
44 error typeerror     at C:\Program Files\nodejs\node_modules\npm\lib\install\deps.js:191:5
44 error typeerror     at C:\Program Files\nodejs\node_modules\npm\node_modules\slide\lib\async-map.js:52:35
44 error typeerror     at Array.forEach (native)
44 error typeerror     at C:\Program Files\nodejs\node_modules\npm\node_modules\slide\lib\async-map.js:52:11
44 error typeerror     at Array.forEach (native)
44 error typeerror     at asyncMap (C:\Program Files\nodejs\node_modules\npm\node_modules\slide\lib\async-map.js:51:8)
44 error typeerror     at exports.loadRequestedDeps (C:\Program Files\nodejs\node_modules\npm\lib\install\deps.js:189:3)
44 error typeerror This is an error with npm itself. Please report this error at:
44 error typeerror     <http://github.com/npm/npm/issues>
45 verbose exit [ 1, true ]
